c:\workspace\cppconsole\cppconsole\cpp\inheritance\intermediate\x64\debug\virtualfunction\vc143.pdb
c:\workspace\cppconsole\cppconsole\cpp\inheritance\intermediate\x64\debug\virtualfunction\vc143.idb
c:\workspace\cppconsole\cppconsole\cpp\inheritance\intermediate\x64\debug\virtualfunction\player.obj
c:\workspace\cppconsole\cppconsole\cpp\inheritance\intermediate\x64\debug\virtualfunction\entity.obj
c:\workspace\cppconsole\cppconsole\cpp\inheritance\intermediate\x64\debug\virtualfunction\main.obj
c:\workspace\cppconsole\cppconsole\cpp\inheritance\intermediate\x64\debug\virtualfunction\virtualfunction.ilk
c:\workspace\cppconsole\cppconsole\cpp\inheritance\bin\x64\debug\virtualfunction\virtualfunction.pdb
c:\workspace\cppconsole\cppconsole\cpp\inheritance\intermediate\x64\debug\virtualfunction\virtualfunction.vcxproj.filelistabsolute.txt
c:\workspace\cppconsole\cppconsole\cpp\inheritance\intermediate\x64\debug\virtualfunction\virtualfunction.tlog\cl.command.1.tlog
c:\workspace\cppconsole\cppconsole\cpp\inheritance\intermediate\x64\debug\virtualfunction\virtualfunction.tlog\cl.items.tlog
c:\workspace\cppconsole\cppconsole\cpp\inheritance\intermediate\x64\debug\virtualfunction\virtualfunction.tlog\cl.read.1.tlog
c:\workspace\cppconsole\cppconsole\cpp\inheritance\intermediate\x64\debug\virtualfunction\virtualfunction.tlog\cl.write.1.tlog
c:\workspace\cppconsole\cppconsole\cpp\inheritance\intermediate\x64\debug\virtualfunction\virtualfunction.tlog\link.11632-cvtres.read.1.tlog
c:\workspace\cppconsole\cppconsole\cpp\inheritance\intermediate\x64\debug\virtualfunction\virtualfunction.tlog\link.11632-cvtres.write.1.tlog
c:\workspace\cppconsole\cppconsole\cpp\inheritance\intermediate\x64\debug\virtualfunction\virtualfunction.tlog\link.11632-rc.read.1.tlog
c:\workspace\cppconsole\cppconsole\cpp\inheritance\intermediate\x64\debug\virtualfunction\virtualfunction.tlog\link.11632-rc.write.1.tlog
c:\workspace\cppconsole\cppconsole\cpp\inheritance\intermediate\x64\debug\virtualfunction\virtualfunction.tlog\link.11632.read.1.tlog
c:\workspace\cppconsole\cppconsole\cpp\inheritance\intermediate\x64\debug\virtualfunction\virtualfunction.tlog\link.11632.read.2.tlog
c:\workspace\cppconsole\cppconsole\cpp\inheritance\intermediate\x64\debug\virtualfunction\virtualfunction.tlog\link.11632.read.3.tlog
c:\workspace\cppconsole\cppconsole\cpp\inheritance\intermediate\x64\debug\virtualfunction\virtualfunction.tlog\link.11632.read.4.tlog
c:\workspace\cppconsole\cppconsole\cpp\inheritance\intermediate\x64\debug\virtualfunction\virtualfunction.tlog\link.11632.write.1.tlog
c:\workspace\cppconsole\cppconsole\cpp\inheritance\intermediate\x64\debug\virtualfunction\virtualfunction.tlog\link.command.1.tlog
c:\workspace\cppconsole\cppconsole\cpp\inheritance\intermediate\x64\debug\virtualfunction\virtualfunction.tlog\link.read.1.tlog
c:\workspace\cppconsole\cppconsole\cpp\inheritance\intermediate\x64\debug\virtualfunction\virtualfunction.tlog\link.secondary.1.tlog
c:\workspace\cppconsole\cppconsole\cpp\inheritance\intermediate\x64\debug\virtualfunction\virtualfunction.tlog\link.write.1.tlog
